<?xml version="1.0" encoding="UTF-8"?>
<!-- Generated by org.testng.reporters.JUnitXMLReporter -->
<testsuite ignored="0" hostname="Anagha_Gram" failures="0" tests="8" name="Test" time="97.65" errors="0" timestamp="2022-05-20T01:01:07 BST">
  <testcase classname="storefront.testclasses.StoreTests" name="addProductsToCart" time="10.535"/>
  <testcase classname="storefront.testclasses.StoreTests" name="addProductsToCart" time="10.805"/>
  <testcase classname="storefront.testclasses.StoreTests" name="addProductsToCart" time="10.975"/>
  <testcase classname="storefront.testclasses.StoreTests" name="addProductsToCart" time="11.656"/>
  <testcase classname="storefront.testclasses.StoreTests" name="addProductsToCart" time="11.571"/>
  <testcase classname="storefront.testclasses.StoreTests" name="addProductsToCart" time="11.564"/>
  <testcase classname="storefront.testclasses.StoreTests" name="addProductsToCart" time="12.277"/>
  <testcase classname="storefront.testclasses.StoreTests" name="addProductsToCart" time="12.608"/>
</testsuite> <!-- Test -->
