<?xml version="1.0" encoding="UTF-8"?>
<!-- Generated by org.testng.reporters.JUnitXMLReporter -->
<testsuite ignored="0" hostname="Anagha_Gram" failures="0" tests="3" name="Test" time="37.28" errors="0" timestamp="2022-05-20T01:08:01 BST">
  <testcase classname="storefront.testclasses.StoreTests" name="addProductsToCart" time="10.47"/>
  <testcase classname="storefront.testclasses.StoreTests" name="addProductsToCart" time="10.261"/>
  <testcase classname="storefront.testclasses.StoreTests" name="addProductsToCart" time="10.699"/>
</testsuite> <!-- Test -->
