<?xml version="1.0" encoding="UTF-8"?>
<!-- Generated by org.testng.reporters.JUnitXMLReporter -->
<testsuite ignored="0" hostname="Anagha_Gram" failures="2" tests="5" name="Test" time="209.797" errors="0" timestamp="2022-06-02T20:12:54 BST">
  <testcase classname="tests.StoreTests" name="verifyRegisterUser" time="24.482"/>
  <testcase classname="tests.StoreTests" name="verifyReRegisterUser" time="30.927">
    <failure type="java.lang.AssertionError" message="expected [true] but found [false]">
      <![CDATA[java.lang.AssertionError: expected [true] but found [false]
at tests.StoreTests.verifyReRegisterUser(StoreTests.java:49)
at java.base/java.util.ArrayList.forEach(ArrayList.java:1511)
... Removed 36 stack frames]]>
    </failure>
  </testcase> <!-- verifyReRegisterUser -->
  <testcase classname="tests.StoreTests" name="verifyLogin" time="16.068"/>
  <testcase classname="tests.StoreTests" name="verifyInvalidLogin" time="8.559">
    <failure type="java.lang.AssertionError" message="expected [http://localhost/Avactis/home.php] but found [http://localhost/Avactis/sign-in.php?timestamp=1654197047]">
      <![CDATA[java.lang.AssertionError: expected [http://localhost/Avactis/home.php] but found [http://localhost/Avactis/sign-in.php?timestamp=1654197047]
at pageobjects.MyAccountPage.isLoaded(MyAccountPage.java:44)
at org.openqa.selenium.support.ui.LoadableComponent.get(LoadableComponent.java:52)
at pageobjects.MyAccountPage.<init>(MyAccountPage.java:32)
at pageobjects.SignInPage.login(SignInPage.java:82)
at tests.StoreTests.verifyInvalidLogin(StoreTests.java:68)
at java.base/java.util.ArrayList.forEach(ArrayList.java:1511)
... Removed 37 stack frames]]>
    </failure>
  </testcase> <!-- verifyInvalidLogin -->
  <testcase classname="tests.StoreTests" name="verifyProductsAddedToCart" time="80.99"/>
</testsuite> <!-- Test -->
