<?xml version="1.0" encoding="UTF-8"?>
<testsuite xmlns:xsi="http://www.w3.org/2001/XMLSchema-instance" xsi:noNamespaceSchemaLocation="https://maven.apache.org/surefire/maven-surefire-plugin/xsd/surefire-test-report-3.0.xsd" version="3.0" name="TestSuite" time="47.306" tests="3" errors="0" skipped="0" failures="0">
  <properties>
[...]
</properties>
  <testcase name="addProductsToCart[36, Avactis T-Shirt, Apparel, None, YES](1)" classname="storefront.testclasses.StoreTests" time="11.145">
    <system-err><![CDATA[Starting OperaDriver 101.0.4951.64 (d1daa9897e1bc1d507d6be8f2346e377e5505905-refs/branch-heads/4951@{#1208}) on port 53486
Only local connections are allowed.
Please see https://chromedriver.chromium.org/security-considerations for suggestions on keeping OperaDriver safe.
OperaDriver was started successfully.
May 20, 2022 4:37:52 PM org.openqa.selenium.remote.ProtocolHandshake createSession
INFO: Detected dialect: OSS
]]></system-err>
  </testcase>
  <testcase name="addProductsToCart[90, Up, DVD, Kids DVDs, YES](2)" classname="storefront.testclasses.StoreTests" time="11.741"/>
  <testcase name="addProductsToCart[126, Sea Eagle Sport Kayak, Sports, None, YES](3)" classname="storefront.testclasses.StoreTests" time="11.946"/>
</testsuite>