<?xml version="1.0" encoding="UTF-8"?>
<testng-results ignored="0" total="8" passed="8" failed="0" skipped="0">
  <reporter-output>
  </reporter-output>
  <suite started-at="2022-05-20T00:59:30 BST" name="Suite" finished-at="2022-05-20T01:01:07 BST" duration-ms="97650">
    <groups>
    </groups>
    <test started-at="2022-05-20T00:59:30 BST" name="Test" finished-at="2022-05-20T01:01:07 BST" duration-ms="97650">
      <class name="storefront.testclasses.StoreTests">
        <test-method is-config="true" signature="beforeSuite()[pri:0, instance:storefront.testclasses.StoreTests@2a265ea9]" started-at="2022-05-20T00:59:30 BST" name="beforeSuite" finished-at="2022-05-20T00:59:30 BST" duration-ms="7" status="PASS">
          <reporter-output>
          </reporter-output>
        </test-method> <!-- beforeSuite -->
        <test-method is-config="true" signature="beforeTest()[pri:0, instance:storefront.testclasses.StoreTests@2a265ea9]" started-at="2022-05-20T00:59:30 BST" name="beforeTest" finished-at="2022-05-20T00:59:30 BST" duration-ms="1" status="PASS">
          <reporter-output>
          </reporter-output>
        </test-method> <!-- beforeTest -->
        <test-method is-config="true" signature="beforeClass()[pri:0, instance:storefront.testclasses.StoreTests@2a265ea9]" started-at="2022-05-20T00:59:30 BST" name="beforeClass" finished-at="2022-05-20T00:59:35 BST" duration-ms="5176" status="PASS">
          <reporter-output>
          </reporter-output>
        </test-method> <!-- beforeClass -->
        <test-method is-config="true" signature="beforeMethod()[pri:0, instance:storefront.testclasses.StoreTests@2a265ea9]" started-at="2022-05-20T00:59:35 BST" name="beforeMethod" finished-at="2022-05-20T00:59:35 BST" duration-ms="0" status="PASS">
          <reporter-output>
          </reporter-output>
        </test-method> <!-- beforeMethod -->
        <test-method signature="addProductsToCart(java.lang.String,java.lang.String,java.lang.String,java.lang.String,java.lang.String)[pri:0, instance:storefront.testclasses.StoreTests@2a265ea9]" started-at="2022-05-20T00:59:35 BST" name="addProductsToCart" data-provider="ProductList" finished-at="2022-05-20T00:59:46 BST" duration-ms="10535" status="PASS">
          <params>
            <param index="0">
              <value>
                <![CDATA[8]]>
              </value>
            </param>
            <param index="1">
              <value>
                <![CDATA[Apple MacBook Air]]>
              </value>
            </param>
            <param index="2">
              <value>
                <![CDATA[Computers]]>
              </value>
            </param>
            <param index="3">
              <value>
                <![CDATA[Notebooks]]>
              </value>
            </param>
            <param index="4">
              <value>
                <![CDATA[YES]]>
              </value>
            </param>
          </params>
          <reporter-output>
          </reporter-output>
        </test-method> <!-- addProductsToCart -->
        <test-method signature="addProductsToCart(java.lang.String,java.lang.String,java.lang.String,java.lang.String,java.lang.String)[pri:0, instance:storefront.testclasses.StoreTests@2a265ea9]" started-at="2022-05-20T00:59:46 BST" name="addProductsToCart" data-provider="ProductList" finished-at="2022-05-20T00:59:57 BST" duration-ms="10805" status="PASS">
          <params>
            <param index="0">
              <value>
                <![CDATA[33]]>
              </value>
            </param>
            <param index="1">
              <value>
                <![CDATA[Avactis Shopping Cart Web Manual]]>
              </value>
            </param>
            <param index="2">
              <value>
                <![CDATA[Digital Distribution]]>
              </value>
            </param>
            <param index="3">
              <value>
                <![CDATA[None]]>
              </value>
            </param>
            <param index="4">
              <value>
                <![CDATA[YES]]>
              </value>
            </param>
          </params>
          <reporter-output>
          </reporter-output>
        </test-method> <!-- addProductsToCart -->
        <test-method is-config="true" signature="afterMethod()[pri:0, instance:storefront.testclasses.StoreTests@2a265ea9]" started-at="2022-05-20T00:59:46 BST" name="afterMethod" finished-at="2022-05-20T00:59:46 BST" duration-ms="0" status="PASS">
          <reporter-output>
          </reporter-output>
        </test-method> <!-- afterMethod -->
        <test-method is-config="true" signature="beforeMethod()[pri:0, instance:storefront.testclasses.StoreTests@2a265ea9]" started-at="2022-05-20T00:59:46 BST" name="beforeMethod" finished-at="2022-05-20T00:59:46 BST" duration-ms="0" status="PASS">
          <reporter-output>
          </reporter-output>
        </test-method> <!-- beforeMethod -->
        <test-method signature="addProductsToCart(java.lang.String,java.lang.String,java.lang.String,java.lang.String,java.lang.String)[pri:0, instance:storefront.testclasses.StoreTests@2a265ea9]" started-at="2022-05-20T00:59:57 BST" name="addProductsToCart" data-provider="ProductList" finished-at="2022-05-20T01:00:08 BST" duration-ms="10975" status="PASS">
          <params>
            <param index="0">
              <value>
                <![CDATA[37]]>
              </value>
            </param>
            <param index="1">
              <value>
                <![CDATA[House, M.D.]]>
              </value>
            </param>
            <param index="2">
              <value>
                <![CDATA[DVD]]>
              </value>
            </param>
            <param index="3">
              <value>
                <![CDATA[Tv on DVD]]>
              </value>
            </param>
            <param index="4">
              <value>
                <![CDATA[YES]]>
              </value>
            </param>
          </params>
          <reporter-output>
          </reporter-output>
        </test-method> <!-- addProductsToCart -->
        <test-method is-config="true" signature="afterMethod()[pri:0, instance:storefront.testclasses.StoreTests@2a265ea9]" started-at="2022-05-20T00:59:57 BST" name="afterMethod" finished-at="2022-05-20T00:59:57 BST" duration-ms="0" status="PASS">
          <reporter-output>
          </reporter-output>
        </test-method> <!-- afterMethod -->
        <test-method is-config="true" signature="beforeMethod()[pri:0, instance:storefront.testclasses.StoreTests@2a265ea9]" started-at="2022-05-20T00:59:57 BST" name="beforeMethod" finished-at="2022-05-20T00:59:57 BST" duration-ms="0" status="PASS">
          <reporter-output>
          </reporter-output>
        </test-method> <!-- beforeMethod -->
        <test-method is-config="true" signature="afterMethod()[pri:0, instance:storefront.testclasses.StoreTests@2a265ea9]" started-at="2022-05-20T01:00:08 BST" name="afterMethod" finished-at="2022-05-20T01:00:08 BST" duration-ms="0" status="PASS">
          <reporter-output>
          </reporter-output>
        </test-method> <!-- afterMethod -->
        <test-method signature="addProductsToCart(java.lang.String,java.lang.String,java.lang.String,java.lang.String,java.lang.String)[pri:0, instance:storefront.testclasses.StoreTests@2a265ea9]" started-at="2022-05-20T01:00:08 BST" name="addProductsToCart" data-provider="ProductList" finished-at="2022-05-20T01:00:19 BST" duration-ms="11656" status="PASS">
          <params>
            <param index="0">
              <value>
                <![CDATA[90]]>
              </value>
            </param>
            <param index="1">
              <value>
                <![CDATA[Up]]>
              </value>
            </param>
            <param index="2">
              <value>
                <![CDATA[DVD]]>
              </value>
            </param>
            <param index="3">
              <value>
                <![CDATA[Kids DVDs]]>
              </value>
            </param>
            <param index="4">
              <value>
                <![CDATA[YES]]>
              </value>
            </param>
          </params>
          <reporter-output>
          </reporter-output>
        </test-method> <!-- addProductsToCart -->
        <test-method is-config="true" signature="beforeMethod()[pri:0, instance:storefront.testclasses.StoreTests@2a265ea9]" started-at="2022-05-20T01:00:08 BST" name="beforeMethod" finished-at="2022-05-20T01:00:08 BST" duration-ms="0" status="PASS">
          <reporter-output>
          </reporter-output>
        </test-method> <!-- beforeMethod -->
        <test-method signature="addProductsToCart(java.lang.String,java.lang.String,java.lang.String,java.lang.String,java.lang.String)[pri:0, instance:storefront.testclasses.StoreTests@2a265ea9]" started-at="2022-05-20T01:00:19 BST" name="addProductsToCart" data-provider="ProductList" finished-at="2022-05-20T01:00:31 BST" duration-ms="11571" status="PASS">
          <params>
            <param index="0">
              <value>
                <![CDATA[106]]>
              </value>
            </param>
            <param index="1">
              <value>
                <![CDATA[Classic Musicals from the Dream Factory, Vol. 3]]>
              </value>
            </param>
            <param index="2">
              <value>
                <![CDATA[DVD]]>
              </value>
            </param>
            <param index="3">
              <value>
                <![CDATA[Classic Films]]>
              </value>
            </param>
            <param index="4">
              <value>
                <![CDATA[YES]]>
              </value>
            </param>
          </params>
          <reporter-output>
          </reporter-output>
        </test-method> <!-- addProductsToCart -->
        <test-method is-config="true" signature="beforeMethod()[pri:0, instance:storefront.testclasses.StoreTests@2a265ea9]" started-at="2022-05-20T01:00:19 BST" name="beforeMethod" finished-at="2022-05-20T01:00:19 BST" duration-ms="0" status="PASS">
          <reporter-output>
          </reporter-output>
        </test-method> <!-- beforeMethod -->
        <test-method is-config="true" signature="afterMethod()[pri:0, instance:storefront.testclasses.StoreTests@2a265ea9]" started-at="2022-05-20T01:00:19 BST" name="afterMethod" finished-at="2022-05-20T01:00:19 BST" duration-ms="0" status="PASS">
          <reporter-output>
          </reporter-output>
        </test-method> <!-- afterMethod -->
        <test-method is-config="true" signature="beforeMethod()[pri:0, instance:storefront.testclasses.StoreTests@2a265ea9]" started-at="2022-05-20T01:00:31 BST" name="beforeMethod" finished-at="2022-05-20T01:00:31 BST" duration-ms="0" status="PASS">
          <reporter-output>
          </reporter-output>
        </test-method> <!-- beforeMethod -->
        <test-method signature="addProductsToCart(java.lang.String,java.lang.String,java.lang.String,java.lang.String,java.lang.String)[pri:0, instance:storefront.testclasses.StoreTests@2a265ea9]" started-at="2022-05-20T01:00:31 BST" name="addProductsToCart" data-provider="ProductList" finished-at="2022-05-20T01:00:42 BST" duration-ms="11564" status="PASS">
          <params>
            <param index="0">
              <value>
                <![CDATA[126]]>
              </value>
            </param>
            <param index="1">
              <value>
                <![CDATA[Sea Eagle Sport Kayak]]>
              </value>
            </param>
            <param index="2">
              <value>
                <![CDATA[Sports]]>
              </value>
            </param>
            <param index="3">
              <value>
                <![CDATA[None]]>
              </value>
            </param>
            <param index="4">
              <value>
                <![CDATA[YES]]>
              </value>
            </param>
          </params>
          <reporter-output>
          </reporter-output>
        </test-method> <!-- addProductsToCart -->
        <test-method is-config="true" signature="afterMethod()[pri:0, instance:storefront.testclasses.StoreTests@2a265ea9]" started-at="2022-05-20T01:00:31 BST" name="afterMethod" finished-at="2022-05-20T01:00:31 BST" duration-ms="0" status="PASS">
          <reporter-output>
          </reporter-output>
        </test-method> <!-- afterMethod -->
        <test-method signature="addProductsToCart(java.lang.String,java.lang.String,java.lang.String,java.lang.String,java.lang.String)[pri:0, instance:storefront.testclasses.StoreTests@2a265ea9]" started-at="2022-05-20T01:00:42 BST" name="addProductsToCart" data-provider="ProductList" finished-at="2022-05-20T01:00:55 BST" duration-ms="12277" status="PASS">
          <params>
            <param index="0">
              <value>
                <![CDATA[139]]>
              </value>
            </param>
            <param index="1">
              <value>
                <![CDATA[EKTORP TULLSTA Chair]]>
              </value>
            </param>
            <param index="2">
              <value>
                <![CDATA[Furniture]]>
              </value>
            </param>
            <param index="3">
              <value>
                <![CDATA[None]]>
              </value>
            </param>
            <param index="4">
              <value>
                <![CDATA[YES]]>
              </value>
            </param>
          </params>
          <reporter-output>
          </reporter-output>
        </test-method> <!-- addProductsToCart -->
        <test-method is-config="true" signature="beforeMethod()[pri:0, instance:storefront.testclasses.StoreTests@2a265ea9]" started-at="2022-05-20T01:00:42 BST" name="beforeMethod" finished-at="2022-05-20T01:00:42 BST" duration-ms="0" status="PASS">
          <reporter-output>
          </reporter-output>
        </test-method> <!-- beforeMethod -->
        <test-method is-config="true" signature="afterMethod()[pri:0, instance:storefront.testclasses.StoreTests@2a265ea9]" started-at="2022-05-20T01:00:42 BST" name="afterMethod" finished-at="2022-05-20T01:00:42 BST" duration-ms="0" status="PASS">
          <reporter-output>
          </reporter-output>
        </test-method> <!-- afterMethod -->
        <test-method is-config="true" signature="beforeMethod()[pri:0, instance:storefront.testclasses.StoreTests@2a265ea9]" started-at="2022-05-20T01:00:55 BST" name="beforeMethod" finished-at="2022-05-20T01:00:55 BST" duration-ms="0" status="PASS">
          <reporter-output>
          </reporter-output>
        </test-method> <!-- beforeMethod -->
        <test-method signature="addProductsToCart(java.lang.String,java.lang.String,java.lang.String,java.lang.String,java.lang.String)[pri:0, instance:storefront.testclasses.StoreTests@2a265ea9]" started-at="2022-05-20T01:00:55 BST" name="addProductsToCart" data-provider="ProductList" finished-at="2022-05-20T01:01:07 BST" duration-ms="12608" status="PASS">
          <params>
            <param index="0">
              <value>
                <![CDATA[169]]>
              </value>
            </param>
            <param index="1">
              <value>
                <![CDATA[EKTORP Neckroll]]>
              </value>
            </param>
            <param index="2">
              <value>
                <![CDATA[Furniture]]>
              </value>
            </param>
            <param index="3">
              <value>
                <![CDATA[None]]>
              </value>
            </param>
            <param index="4">
              <value>
                <![CDATA[YES]]>
              </value>
            </param>
          </params>
          <reporter-output>
          </reporter-output>
        </test-method> <!-- addProductsToCart -->
        <test-method is-config="true" signature="afterMethod()[pri:0, instance:storefront.testclasses.StoreTests@2a265ea9]" started-at="2022-05-20T01:00:55 BST" name="afterMethod" finished-at="2022-05-20T01:00:55 BST" duration-ms="0" status="PASS">
          <reporter-output>
          </reporter-output>
        </test-method> <!-- afterMethod -->
        <test-method is-config="true" signature="afterMethod()[pri:0, instance:storefront.testclasses.StoreTests@2a265ea9]" started-at="2022-05-20T01:01:07 BST" name="afterMethod" finished-at="2022-05-20T01:01:07 BST" duration-ms="0" status="PASS">
          <reporter-output>
          </reporter-output>
        </test-method> <!-- afterMethod -->
        <test-method is-config="true" signature="afterTest()[pri:0, instance:storefront.testclasses.StoreTests@2a265ea9]" started-at="2022-05-20T01:01:07 BST" name="afterTest" finished-at="2022-05-20T01:01:07 BST" duration-ms="0" status="PASS">
          <reporter-output>
          </reporter-output>
        </test-method> <!-- afterTest -->
        <test-method is-config="true" signature="afterClass()[pri:0, instance:storefront.testclasses.StoreTests@2a265ea9]" started-at="2022-05-20T01:01:07 BST" name="afterClass" finished-at="2022-05-20T01:01:07 BST" duration-ms="0" status="PASS">
          <reporter-output>
          </reporter-output>
        </test-method> <!-- afterClass -->
        <test-method is-config="true" signature="afterSuite()[pri:0, instance:storefront.testclasses.StoreTests@2a265ea9]" started-at="2022-05-20T01:01:07 BST" name="afterSuite" finished-at="2022-05-20T01:01:07 BST" duration-ms="0" status="PASS">
          <reporter-output>
          </reporter-output>
        </test-method> <!-- afterSuite -->
      </class> <!-- storefront.testclasses.StoreTests -->
    </test> <!-- Test -->
  </suite> <!-- Suite -->
</testng-results>
